  [1m[35m (426.3ms)[0m  [1m[35mCREATE DATABASE "login_form_development" ENCODING = 'unicode' /*application='LoginForm'*/[0m
  [1m[35mSQL (0.4ms)[0m  [1m[35mSET search_path TO public /*application='LoginForm'*/[0m
  [1m[35m (769.9ms)[0m  [1m[35mCREATE DATABASE "login_form_development" ENCODING = 'unicode' /*application='LoginForm'*/[0m
  [1m[35mSQL (0.1ms)[0m  [1m[35mSET search_path TO public /*application='LoginForm'*/[0m
  [1m[35m (660.1ms)[0m  [1m[35mCREATE DATABASE "login_form_test" ENCODING = 'unicode' /*application='LoginForm'*/[0m
  [1m[35m (22.9ms)[0m  [1m[35mCREATE TABLE "schema_migrations" ("version" character varying NOT NULL PRIMARY KEY) /*application='LoginForm'*/[0m
  [1m[35m (9.3ms)[0m  [1m[35mCREATE TABLE "ar_internal_metadata" ("key" character varying NOT NULL PRIMARY KEY, "value" character varying, "created_at" timestamp(6) NOT NULL, "updated_at" timestamp(6) NOT NULL) /*application='LoginForm'*/[0m
  [1m[35m (0.7ms)[0m  [1m[34mSELECT pg_try_advisory_lock(8366967243586662795) /*application='LoginForm'*/[0m
  [1m[36mActiveRecord::SchemaMigration Load (1.8ms)[0m  [1m[34mSELECT "schema_migrations"."version" FROM "schema_migrations" ORDER BY "schema_migrations"."version" ASC /*application='LoginForm'*/[0m
  [1m[36mActiveRecord::InternalMetadata Load (2.3ms)[0m  [1m[34mSELECT * FROM "ar_internal_metadata" WHERE "ar_internal_metadata"."key" = 'environment' ORDER BY "ar_internal_metadata"."key" ASC LIMIT 1 /*application='LoginForm'*/[0m
  [1m[36mActiveRecord::InternalMetadata Create (2.3ms)[0m  [1m[32mINSERT INTO "ar_internal_metadata" ("key", "value", "created_at", "updated_at") VALUES ('environment', 'development', '2025-11-14 14:02:31.682397', '2025-11-14 14:02:31.682406') RETURNING "key" /*application='LoginForm'*/[0m
  [1m[35m (0.6ms)[0m  [1m[34mSELECT pg_advisory_unlock(8366967243586662795) /*application='LoginForm'*/[0m
  [1m[36mActiveRecord::SchemaMigration Load (0.4ms)[0m  [1m[34mSELECT "schema_migrations"."version" FROM "schema_migrations" ORDER BY "schema_migrations"."version" ASC /*application='LoginForm'*/[0m
  [1m[35mSQL (0.1ms)[0m  [1m[35mSET search_path TO public /*application='LoginForm'*/[0m
  [1m[35mSQL (0.6ms)[0m  [1m[35mSET search_path TO "$user", public /*application='LoginForm'*/[0m
  [1m[35mSQL (0.3ms)[0m  [1m[35mSET search_path TO public /*application='LoginForm'*/[0m
  [1m[35mSQL (0.2ms)[0m  [1m[35mSET search_path TO "$user", public /*application='LoginForm'*/[0m
Started GET "/" for 127.0.0.1 at 2025-11-14 19:33:56 +0530
  [1m[36mActiveRecord::SchemaMigration Load (2.7ms)[0m  [1m[34mSELECT "schema_migrations"."version" FROM "schema_migrations" ORDER BY "schema_migrations"."version" ASC /*application='LoginForm'*/[0m
Processing by Rails::WelcomeController#index as HTML
  Rendering C:/Ruby34-x64/lib/ruby/gems/3.4.0/gems/railties-8.1.1/lib/rails/templates/rails/welcome/index.html.erb
  Rendered C:/Ruby34-x64/lib/ruby/gems/3.4.0/gems/railties-8.1.1/lib/rails/templates/rails/welcome/index.html.erb (Duration: 2.0ms | GC: 0.0ms)
Completed 200 OK in 425ms (Views: 51.3ms | ActiveRecord: 0.0ms (0 queries, 0 cached) | GC: 0.0ms)


Started GET "/users/new" for 127.0.0.1 at 2025-11-14 19:49:04 +0530
Started GET "/" for 127.0.0.1 at 2025-11-14 19:49:04 +0530
  [1m[36mActiveRecord::SchemaMigration Load (3.0ms)[0m  [1m[34mSELECT "schema_migrations"."version" FROM "schema_migrations" ORDER BY "schema_migrations"."version" ASC /*application='LoginForm'*/[0m
  
ActionController::RoutingError (No route matches [GET] "/users/new"):
  
Processing by Rails::WelcomeController#index as HTML
  Rendering C:/Ruby34-x64/lib/ruby/gems/3.4.0/gems/railties-8.1.1/lib/rails/templates/rails/welcome/index.html.erb
  Rendered C:/Ruby34-x64/lib/ruby/gems/3.4.0/gems/railties-8.1.1/lib/rails/templates/rails/welcome/index.html.erb (Duration: 1.0ms | GC: 0.0ms)
Completed 200 OK in 1081ms (Views: 2.7ms | ActiveRecord: 0.0ms (0 queries, 0 cached) | GC: 0.0ms)


  [1m[35m (0.7ms)[0m  [1m[34mSELECT pg_try_advisory_lock(8366967243586662795) /*application='LoginForm'*/[0m
  [1m[36mActiveRecord::SchemaMigration Load (1.6ms)[0m  [1m[34mSELECT "schema_migrations"."version" FROM "schema_migrations" ORDER BY "schema_migrations"."version" ASC /*application='LoginForm'*/[0m
  [1m[36mActiveRecord::InternalMetadata Load (3.0ms)[0m  [1m[34mSELECT * FROM "ar_internal_metadata" WHERE "ar_internal_metadata"."key" = 'environment' ORDER BY "ar_internal_metadata"."key" ASC LIMIT 1 /*application='LoginForm'*/[0m
Migrating to CreateUsers (20251114141939)
  [1m[36mTRANSACTION (0.3ms)[0m  [1m[35mBEGIN /*application='LoginForm'*/[0m
  [1m[35m (21.9ms)[0m  [1m[35mCREATE TABLE "users" ("id" bigserial primary key, "name" character varying, "email" character varying, "password_digest" character varying, "created_at" timestamp(6) NOT NULL, "updated_at" timestamp(6) NOT NULL) /*application='LoginForm'*/[0m
  [1m[35m (2.6ms)[0m  [1m[35mCREATE UNIQUE INDEX "index_users_on_email" ON "users" ("email") /*application='LoginForm'*/[0m
  [1m[36mActiveRecord::SchemaMigration Create (1.3ms)[0m  [1m[32mINSERT INTO "schema_migrations" ("version") VALUES ('20251114141939') RETURNING "version" /*application='LoginForm'*/[0m
  [1m[36mTRANSACTION (1.5ms)[0m  [1m[35mCOMMIT /*application='LoginForm'*/[0m
  [1m[35m (0.7ms)[0m  [1m[34mSELECT pg_advisory_unlock(8366967243586662795) /*application='LoginForm'*/[0m
  [1m[36mActiveRecord::SchemaMigration Load (0.7ms)[0m  [1m[34mSELECT "schema_migrations"."version" FROM "schema_migrations" ORDER BY "schema_migrations"."version" ASC /*application='LoginForm'*/[0m
  [1m[35mSQL (0.2ms)[0m  [1m[35mSET search_path TO public /*application='LoginForm'*/[0m
  [1m[35mSQL (0.3ms)[0m  [1m[35mSET search_path TO "$user", public /*application='LoginForm'*/[0m
  [1m[35mSQL (0.2ms)[0m  [1m[35mSET search_path TO public /*application='LoginForm'*/[0m
  [1m[35mSQL (0.3ms)[0m  [1m[35mSET search_path TO "$user", public /*application='LoginForm'*/[0m
Started GET "/" for 127.0.0.1 at 2025-11-14 20:19:43 +0530
  [1m[36mActiveRecord::SchemaMigration Load (4.0ms)[0m  [1m[34mSELECT "schema_migrations"."version" FROM "schema_migrations" ORDER BY "schema_migrations"."version" ASC /*application='LoginForm'*/[0m
Processing by Rails::WelcomeController#index as HTML
  Rendering C:/Ruby34-x64/lib/ruby/gems/3.4.0/gems/railties-8.1.1/lib/rails/templates/rails/welcome/index.html.erb
  Rendered C:/Ruby34-x64/lib/ruby/gems/3.4.0/gems/railties-8.1.1/lib/rails/templates/rails/welcome/index.html.erb (Duration: 2.3ms | GC: 0.0ms)
Completed 200 OK in 72ms (Views: 22.8ms | ActiveRecord: 0.0ms (0 queries, 0 cached) | GC: 0.2ms)


Started GET "/" for 127.0.0.1 at 2025-11-14 20:21:49 +0530
Processing by UsersController#index as HTML
  Rendering layout layouts/application.html.erb
  Rendering users/index.html.erb within layouts/application
  Rendered users/index.html.erb within layouts/application (Duration: 6.5ms | GC: 0.0ms)
  Rendered layout layouts/application.html.erb (Duration: 8.0ms | GC: 0.0ms)
Completed 500 Internal Server Error in 952ms (ActiveRecord: 0.0ms (0 queries, 0 cached) | GC: 0.0ms)


  
ActionView::Template::Error (undefined method 'logged_in?' for an instance of #<Class:0x0000017bed520ac0>)
Caused by: NoMethodError (undefined method 'logged_in?' for an instance of #<Class:0x0000017bed520ac0>)

Information for: ActionView::Template::Error (undefined method 'logged_in?' for an instance of #<Class:0x0000017bed520ac0>):
    4: 
    5: <div class="home-actions">
    6:   <% if logged_in? %>
    7:     <p>Hello, <strong><%= current_user.name %></strong> — welcome back!</p>
    8:     <%= link_to "Go to your profile", user_path(current_user), class: "big-btn" %>
    9:   <% else %>
   10:     <p>New here? Create an account or sign in to continue.</p>
  
app/views/users/index.html.erb:7

Information for cause: NoMethodError (undefined method 'logged_in?' for an instance of #<Class:0x0000017bed520ac0>):
  
app/views/users/index.html.erb:7
Started GET "/" for 127.0.0.1 at 2025-11-14 20:23:54 +0530
Processing by UsersController#index as HTML
  Rendering layout layouts/application.html.erb
  Rendering users/index.html.erb within layouts/application
  Rendered users/index.html.erb within layouts/application (Duration: 3.9ms | GC: 0.0ms)
  Rendered layout layouts/application.html.erb (Duration: 45.8ms | GC: 0.0ms)
Completed 200 OK in 74ms (Views: 57.7ms | ActiveRecord: 0.0ms (0 queries, 0 cached) | GC: 0.0ms)


Started GET "/signup" for 127.0.0.1 at 2025-11-14 20:24:08 +0530
Processing by UsersController#new as HTML
  Rendering layout layouts/application.html.erb
  Rendering users/new.html.erb within layouts/application
  Rendered users/new.html.erb within layouts/application (Duration: 46.0ms | GC: 0.0ms)
  Rendered layout layouts/application.html.erb (Duration: 58.6ms | GC: 0.0ms)
Completed 500 Internal Server Error in 591ms (ActiveRecord: 39.5ms (0 queries, 0 cached) | GC: 0.0ms)


  
ActionView::Template::Error (undefined method 'error_message_on' for an instance of #<Class:0x0000017bf14e6d80>)
Caused by: NoMethodError (undefined method 'error_message_on' for an instance of #<Class:0x0000017bf14e6d80>)

Information for: ActionView::Template::Error (undefined method 'error_message_on' for an instance of #<Class:0x0000017bf14e6d80>):
     5:     <%= f.label :name %>
     6:     <%= f.text_field :name, placeholder: "Your name" %>
     7:     <%= error_message_on(@user, :name) %>
     8:   </div>
     9: 
    10:   <div class="field">
    11:     <%= f.label :email %>
  
app/views/users/new.html.erb:8
app/views/users/new.html.erb:4

Information for cause: NoMethodError (undefined method 'error_message_on' for an instance of #<Class:0x0000017bf14e6d80>):
  
app/views/users/new.html.erb:8
app/views/users/new.html.erb:4
Started GET "/signup" for 127.0.0.1 at 2025-11-14 20:25:04 +0530
Processing by UsersController#new as HTML
  Rendering layout layouts/application.html.erb
  Rendering users/new.html.erb within layouts/application
  Rendered users/new.html.erb within layouts/application (Duration: 63.0ms | GC: 0.0ms)
  Rendered layout layouts/application.html.erb (Duration: 72.9ms | GC: 0.0ms)
Completed 200 OK in 125ms (Views: 85.9ms | ActiveRecord: 5.2ms (0 queries, 0 cached) | GC: 0.0ms)


Started POST "/signup" for 127.0.0.1 at 2025-11-14 20:25:37 +0530
Processing by UsersController#create as HTML
  Parameters: {"authenticity_token" => "[FILTERED]", "user" => {"name" => "Alices", "email" => "[FILTERED]", "password" => "[FILTERED]", "password_confirmation" => "[FILTERED]"}, "commit" => "Sign up"}
  [1m[36mTRANSACTION (0.5ms)[0m  [1m[35mBEGIN /*action='create',application='LoginForm',controller='users'*/[0m
  ↳ app/controllers/users_controller.rb:16:in 'UsersController#create'
  [1m[36mUser Exists? (8.8ms)[0m  [1m[34mSELECT 1 AS one FROM "users" WHERE "users"."email" = 'gooddharaneesh6@gmail.com' LIMIT 1 /*action='create',application='LoginForm',controller='users'*/[0m
  ↳ app/controllers/users_controller.rb:16:in 'UsersController#create'
  [1m[36mUser Create (2.1ms)[0m  [1m[32mINSERT INTO "users" ("name", "email", "password_digest", "created_at", "updated_at") VALUES ('Alices', 'gooddharaneesh6@gmail.com', '$2a$12$1JTrfvkLY1Wrbm3HXInhXOI2G2oLUQmG4ed3RC.FXjtAerxb53jeS', '2025-11-14 14:55:38.216145', '2025-11-14 14:55:38.216145') RETURNING "id" /*action='create',application='LoginForm',controller='users'*/[0m
  ↳ app/controllers/users_controller.rb:16:in 'UsersController#create'
  [1m[36mTRANSACTION (3.0ms)[0m  [1m[35mCOMMIT /*action='create',application='LoginForm',controller='users'*/[0m
  ↳ app/controllers/users_controller.rb:16:in 'UsersController#create'
Redirected to http://127.0.0.1:3000/users/1
↳ app/controllers/users_controller.rb:18:in 'UsersController#create'
Completed 302 Found in 990ms (ActiveRecord: 14.3ms (2 queries, 0 cached) | GC: 0.0ms)


Started GET "/users/1" for 127.0.0.1 at 2025-11-14 20:25:38 +0530
Processing by UsersController#show as HTML
  Parameters: {"id" => "1"}
  [1m[36mUser Load (1.1ms)[0m  [1m[34mSELECT "users".* FROM "users" WHERE "users"."id" = 1 LIMIT 1 /*action='show',application='LoginForm',controller='users'*/[0m
  ↳ app/controllers/application_controller.rb:8:in 'ApplicationController#current_user'
  [1m[36mCACHE User Load (0.0ms)[0m  [1m[34mSELECT "users".* FROM "users" WHERE "users"."id" = 1 LIMIT 1[0m
  ↳ app/controllers/users_controller.rb:41:in 'UsersController#set_user'
  Rendering layout layouts/application.html.erb
  Rendering users/show.html.erb within layouts/application
  Rendered users/show.html.erb within layouts/application (Duration: 3.7ms | GC: 0.0ms)
  Rendered layout layouts/application.html.erb (Duration: 7.6ms | GC: 0.0ms)
Completed 200 OK in 104ms (Views: 9.8ms | ActiveRecord: 1.1ms (2 queries, 0 cached) | GC: 0.0ms)


Started GET "/users/1/edit" for 127.0.0.1 at 2025-11-14 20:25:46 +0530
Processing by UsersController#edit as HTML
  Parameters: {"id" => "1"}
  [1m[36mUser Load (1.0ms)[0m  [1m[34mSELECT "users".* FROM "users" WHERE "users"."id" = 1 LIMIT 1 /*action='edit',application='LoginForm',controller='users'*/[0m
  ↳ app/controllers/application_controller.rb:8:in 'ApplicationController#current_user'
  [1m[36mCACHE User Load (0.0ms)[0m  [1m[34mSELECT "users".* FROM "users" WHERE "users"."id" = 1 LIMIT 1[0m
  ↳ app/controllers/users_controller.rb:41:in 'UsersController#set_user'
  Rendering layout layouts/application.html.erb
  Rendering users/edit.html.erb within layouts/application
  Rendered users/edit.html.erb within layouts/application (Duration: 9.5ms | GC: 0.0ms)
  Rendered layout layouts/application.html.erb (Duration: 15.0ms | GC: 0.0ms)
Completed 200 OK in 167ms (Views: 17.1ms | ActiveRecord: 1.0ms (2 queries, 0 cached) | GC: 0.0ms)


Started PATCH "/users/1" for 127.0.0.1 at 2025-11-14 20:25:58 +0530
Processing by UsersController#update as HTML
  Parameters: {"authenticity_token" => "[FILTERED]", "user" => {"name" => "Alice", "email" => "[FILTERED]", "password" => "[FILTERED]", "password_confirmation" => "[FILTERED]"}, "commit" => "Update Profile", "id" => "1"}
  [1m[36mUser Load (0.9ms)[0m  [1m[34mSELECT "users".* FROM "users" WHERE "users"."id" = 1 LIMIT 1 /*action='update',application='LoginForm',controller='users'*/[0m
  ↳ app/controllers/application_controller.rb:8:in 'ApplicationController#current_user'
  [1m[36mCACHE User Load (0.0ms)[0m  [1m[34mSELECT "users".* FROM "users" WHERE "users"."id" = 1 LIMIT 1[0m
  ↳ app/controllers/users_controller.rb:41:in 'UsersController#set_user'
  [1m[36mTRANSACTION (0.5ms)[0m  [1m[35mBEGIN /*action='update',application='LoginForm',controller='users'*/[0m
  ↳ app/controllers/users_controller.rb:31:in 'UsersController#update'
  [1m[36mTRANSACTION (0.3ms)[0m  [1m[31mROLLBACK /*action='update',application='LoginForm',controller='users'*/[0m
  ↳ app/controllers/users_controller.rb:31:in 'UsersController#update'
  Rendering layout layouts/application.html.erb
  Rendering users/edit.html.erb within layouts/application
  Rendered users/edit.html.erb within layouts/application (Duration: 8.9ms | GC: 0.2ms)
  Rendered layout layouts/application.html.erb (Duration: 12.5ms | GC: 0.2ms)
Completed 422 Unprocessable Content in 602ms (Views: 14.3ms | ActiveRecord: 17.6ms (2 queries, 0 cached) | GC: 0.2ms)


Started PATCH "/users/1" for 127.0.0.1 at 2025-11-14 20:26:03 +0530
Processing by UsersController#update as HTML
  Parameters: {"authenticity_token" => "[FILTERED]", "user" => {"name" => "Alice", "email" => "[FILTERED]", "password" => "[FILTERED]", "password_confirmation" => "[FILTERED]"}, "commit" => "Update Profile", "id" => "1"}
  [1m[36mUser Load (1.1ms)[0m  [1m[34mSELECT "users".* FROM "users" WHERE "users"."id" = 1 LIMIT 1 /*action='update',application='LoginForm',controller='users'*/[0m
  ↳ app/controllers/application_controller.rb:8:in 'ApplicationController#current_user'
  [1m[36mCACHE User Load (0.0ms)[0m  [1m[34mSELECT "users".* FROM "users" WHERE "users"."id" = 1 LIMIT 1[0m
  ↳ app/controllers/users_controller.rb:41:in 'UsersController#set_user'
  [1m[36mTRANSACTION (0.8ms)[0m  [1m[35mBEGIN /*action='update',application='LoginForm',controller='users'*/[0m
  ↳ app/controllers/users_controller.rb:31:in 'UsersController#update'
  [1m[36mUser Update (11.0ms)[0m  [1m[33mUPDATE "users" SET "name" = 'Alice', "updated_at" = '2025-11-14 14:56:03.985824' WHERE "users"."id" = 1 /*action='update',application='LoginForm',controller='users'*/[0m
  ↳ app/controllers/users_controller.rb:31:in 'UsersController#update'
  [1m[36mTRANSACTION (2.0ms)[0m  [1m[35mCOMMIT /*action='update',application='LoginForm',controller='users'*/[0m
  ↳ app/controllers/users_controller.rb:31:in 'UsersController#update'
Redirected to http://127.0.0.1:3000/users/1
↳ app/controllers/users_controller.rb:32:in 'UsersController#update'
Completed 302 Found in 62ms (ActiveRecord: 14.8ms (3 queries, 0 cached) | GC: 0.0ms)


Started GET "/users/1" for 127.0.0.1 at 2025-11-14 20:26:04 +0530
Processing by UsersController#show as HTML
  Parameters: {"id" => "1"}
  [1m[36mUser Load (0.8ms)[0m  [1m[34mSELECT "users".* FROM "users" WHERE "users"."id" = 1 LIMIT 1 /*action='show',application='LoginForm',controller='users'*/[0m
  ↳ app/controllers/application_controller.rb:8:in 'ApplicationController#current_user'
  [1m[36mCACHE User Load (0.0ms)[0m  [1m[34mSELECT "users".* FROM "users" WHERE "users"."id" = 1 LIMIT 1[0m
  ↳ app/controllers/users_controller.rb:41:in 'UsersController#set_user'
  Rendering layout layouts/application.html.erb
  Rendering users/show.html.erb within layouts/application
  Rendered users/show.html.erb within layouts/application (Duration: 1.2ms | GC: 0.0ms)
  Rendered layout layouts/application.html.erb (Duration: 3.5ms | GC: 0.0ms)
Completed 200 OK in 22ms (Views: 5.3ms | ActiveRecord: 0.8ms (2 queries, 0 cached) | GC: 0.0ms)


Started GET "/users/1/edit" for 127.0.0.1 at 2025-11-14 20:26:07 +0530
Processing by UsersController#edit as HTML
  Parameters: {"id" => "1"}
  [1m[36mUser Load (1.0ms)[0m  [1m[34mSELECT "users".* FROM "users" WHERE "users"."id" = 1 LIMIT 1 /*action='edit',application='LoginForm',controller='users'*/[0m
  ↳ app/controllers/application_controller.rb:8:in 'ApplicationController#current_user'
  [1m[36mCACHE User Load (0.0ms)[0m  [1m[34mSELECT "users".* FROM "users" WHERE "users"."id" = 1 LIMIT 1[0m
  ↳ app/controllers/users_controller.rb:41:in 'UsersController#set_user'
  Rendering layout layouts/application.html.erb
  Rendering users/edit.html.erb within layouts/application
  Rendered users/edit.html.erb within layouts/application (Duration: 3.2ms | GC: 0.0ms)
  Rendered layout layouts/application.html.erb (Duration: 6.4ms | GC: 0.0ms)
Completed 200 OK in 30ms (Views: 8.3ms | ActiveRecord: 1.0ms (2 queries, 0 cached) | GC: 0.0ms)


Started PATCH "/users/1" for 127.0.0.1 at 2025-11-14 20:26:16 +0530
Processing by UsersController#update as HTML
  Parameters: {"authenticity_token" => "[FILTERED]", "user" => {"name" => "car", "email" => "[FILTERED]", "password" => "[FILTERED]", "password_confirmation" => "[FILTERED]"}, "commit" => "Update Profile", "id" => "1"}
  [1m[36mUser Load (1.0ms)[0m  [1m[34mSELECT "users".* FROM "users" WHERE "users"."id" = 1 LIMIT 1 /*action='update',application='LoginForm',controller='users'*/[0m
  ↳ app/controllers/application_controller.rb:8:in 'ApplicationController#current_user'
  [1m[36mCACHE User Load (0.0ms)[0m  [1m[34mSELECT "users".* FROM "users" WHERE "users"."id" = 1 LIMIT 1[0m
  ↳ app/controllers/users_controller.rb:41:in 'UsersController#set_user'
  [1m[36mTRANSACTION (0.3ms)[0m  [1m[35mBEGIN /*action='update',application='LoginForm',controller='users'*/[0m
  ↳ app/controllers/users_controller.rb:31:in 'UsersController#update'
  [1m[36mUser Update (5.1ms)[0m  [1m[33mUPDATE "users" SET "name" = 'car', "updated_at" = '2025-11-14 14:56:16.660920' WHERE "users"."id" = 1 /*action='update',application='LoginForm',controller='users'*/[0m
  ↳ app/controllers/users_controller.rb:31:in 'UsersController#update'
  [1m[36mTRANSACTION (1.7ms)[0m  [1m[35mCOMMIT /*action='update',application='LoginForm',controller='users'*/[0m
  ↳ app/controllers/users_controller.rb:31:in 'UsersController#update'
Redirected to http://127.0.0.1:3000/users/1
↳ app/controllers/users_controller.rb:32:in 'UsersController#update'
Completed 302 Found in 39ms (ActiveRecord: 8.0ms (3 queries, 0 cached) | GC: 0.0ms)


Started GET "/users/1" for 127.0.0.1 at 2025-11-14 20:26:16 +0530
Processing by UsersController#show as HTML
  Parameters: {"id" => "1"}
  [1m[36mUser Load (1.0ms)[0m  [1m[34mSELECT "users".* FROM "users" WHERE "users"."id" = 1 LIMIT 1 /*action='show',application='LoginForm',controller='users'*/[0m
  ↳ app/controllers/application_controller.rb:8:in 'ApplicationController#current_user'
  [1m[36mCACHE User Load (0.0ms)[0m  [1m[34mSELECT "users".* FROM "users" WHERE "users"."id" = 1 LIMIT 1[0m
  ↳ app/controllers/users_controller.rb:41:in 'UsersController#set_user'
  Rendering layout layouts/application.html.erb
  Rendering users/show.html.erb within layouts/application
  Rendered users/show.html.erb within layouts/application (Duration: 2.2ms | GC: 0.0ms)
  Rendered layout layouts/application.html.erb (Duration: 5.7ms | GC: 0.0ms)
Completed 200 OK in 27ms (Views: 7.7ms | ActiveRecord: 1.0ms (2 queries, 0 cached) | GC: 0.0ms)


Started GET "/users/1/edit" for 127.0.0.1 at 2025-11-14 20:26:20 +0530
Processing by UsersController#edit as HTML
  Parameters: {"id" => "1"}
  [1m[36mUser Load (1.5ms)[0m  [1m[34mSELECT "users".* FROM "users" WHERE "users"."id" = 1 LIMIT 1 /*action='edit',application='LoginForm',controller='users'*/[0m
  ↳ app/controllers/application_controller.rb:8:in 'ApplicationController#current_user'
  [1m[36mCACHE User Load (0.0ms)[0m  [1m[34mSELECT "users".* FROM "users" WHERE "users"."id" = 1 LIMIT 1[0m
  ↳ app/controllers/users_controller.rb:41:in 'UsersController#set_user'
  Rendering layout layouts/application.html.erb
  Rendering users/edit.html.erb within layouts/application
  Rendered users/edit.html.erb within layouts/application (Duration: 2.5ms | GC: 0.0ms)
  Rendered layout layouts/application.html.erb (Duration: 8.1ms | GC: 0.0ms)
Completed 200 OK in 32ms (Views: 11.3ms | ActiveRecord: 1.5ms (2 queries, 0 cached) | GC: 0.0ms)


Started PATCH "/users/1" for 127.0.0.1 at 2025-11-14 20:26:32 +0530
Processing by UsersController#update as HTML
  Parameters: {"authenticity_token" => "[FILTERED]", "user" => {"name" => "v", "email" => "[FILTERED]", "password" => "[FILTERED]", "password_confirmation" => "[FILTERED]"}, "commit" => "Update Profile", "id" => "1"}
  [1m[36mUser Load (1.0ms)[0m  [1m[34mSELECT "users".* FROM "users" WHERE "users"."id" = 1 LIMIT 1 /*action='update',application='LoginForm',controller='users'*/[0m
  ↳ app/controllers/application_controller.rb:8:in 'ApplicationController#current_user'
  [1m[36mCACHE User Load (0.0ms)[0m  [1m[34mSELECT "users".* FROM "users" WHERE "users"."id" = 1 LIMIT 1[0m
  ↳ app/controllers/users_controller.rb:41:in 'UsersController#set_user'
  Rendering layout layouts/application.html.erb
  Rendering users/edit.html.erb within layouts/application
  Rendered users/edit.html.erb within layouts/application (Duration: 4.8ms | GC: 0.0ms)
  Rendered layout layouts/application.html.erb (Duration: 7.2ms | GC: 0.0ms)
Completed 422 Unprocessable Content in 577ms (Views: 8.9ms | ActiveRecord: 1.0ms (2 queries, 0 cached) | GC: 0.0ms)


Started PATCH "/users/1" for 127.0.0.1 at 2025-11-14 20:26:36 +0530
Processing by UsersController#update as HTML
  Parameters: {"authenticity_token" => "[FILTERED]", "user" => {"name" => "v", "email" => "[FILTERED]", "password" => "[FILTERED]", "password_confirmation" => "[FILTERED]"}, "commit" => "Update Profile", "id" => "1"}
  [1m[36mUser Load (1.0ms)[0m  [1m[34mSELECT "users".* FROM "users" WHERE "users"."id" = 1 LIMIT 1 /*action='update',application='LoginForm',controller='users'*/[0m
  ↳ app/controllers/application_controller.rb:8:in 'ApplicationController#current_user'
  [1m[36mCACHE User Load (0.0ms)[0m  [1m[34mSELECT "users".* FROM "users" WHERE "users"."id" = 1 LIMIT 1[0m
  ↳ app/controllers/users_controller.rb:41:in 'UsersController#set_user'
  [1m[36mTRANSACTION (0.4ms)[0m  [1m[35mBEGIN /*action='update',application='LoginForm',controller='users'*/[0m
  ↳ app/controllers/users_controller.rb:31:in 'UsersController#update'
  [1m[36mUser Update (5.3ms)[0m  [1m[33mUPDATE "users" SET "name" = 'v', "updated_at" = '2025-11-14 14:56:36.674454' WHERE "users"."id" = 1 /*action='update',application='LoginForm',controller='users'*/[0m
  ↳ app/controllers/users_controller.rb:31:in 'UsersController#update'
  [1m[36mTRANSACTION (1.4ms)[0m  [1m[35mCOMMIT /*action='update',application='LoginForm',controller='users'*/[0m
  ↳ app/controllers/users_controller.rb:31:in 'UsersController#update'
Redirected to http://127.0.0.1:3000/users/1
↳ app/controllers/users_controller.rb:32:in 'UsersController#update'
Completed 302 Found in 43ms (ActiveRecord: 8.0ms (3 queries, 0 cached) | GC: 0.0ms)


Started GET "/users/1" for 127.0.0.1 at 2025-11-14 20:26:36 +0530
Processing by UsersController#show as HTML
  Parameters: {"id" => "1"}
  [1m[36mUser Load (0.9ms)[0m  [1m[34mSELECT "users".* FROM "users" WHERE "users"."id" = 1 LIMIT 1 /*action='show',application='LoginForm',controller='users'*/[0m
  ↳ app/controllers/application_controller.rb:8:in 'ApplicationController#current_user'
  [1m[36mCACHE User Load (0.0ms)[0m  [1m[34mSELECT "users".* FROM "users" WHERE "users"."id" = 1 LIMIT 1[0m
  ↳ app/controllers/users_controller.rb:41:in 'UsersController#set_user'
  Rendering layout layouts/application.html.erb
  Rendering users/show.html.erb within layouts/application
  Rendered users/show.html.erb within layouts/application (Duration: 1.1ms | GC: 0.0ms)
  Rendered layout layouts/application.html.erb (Duration: 4.1ms | GC: 0.0ms)
Completed 200 OK in 26ms (Views: 5.7ms | ActiveRecord: 0.9ms (2 queries, 0 cached) | GC: 0.0ms)


Started GET "/users/1/edit" for 127.0.0.1 at 2025-11-14 20:26:40 +0530
Processing by UsersController#edit as HTML
  Parameters: {"id" => "1"}
  [1m[36mUser Load (1.0ms)[0m  [1m[34mSELECT "users".* FROM "users" WHERE "users"."id" = 1 LIMIT 1 /*action='edit',application='LoginForm',controller='users'*/[0m
  ↳ app/controllers/application_controller.rb:8:in 'ApplicationController#current_user'
  [1m[36mCACHE User Load (0.0ms)[0m  [1m[34mSELECT "users".* FROM "users" WHERE "users"."id" = 1 LIMIT 1[0m
  ↳ app/controllers/users_controller.rb:41:in 'UsersController#set_user'
  Rendering layout layouts/application.html.erb
  Rendering users/edit.html.erb within layouts/application
  Rendered users/edit.html.erb within layouts/application (Duration: 3.4ms | GC: 0.0ms)
  Rendered layout layouts/application.html.erb (Duration: 7.2ms | GC: 0.0ms)
Completed 200 OK in 30ms (Views: 9.2ms | ActiveRecord: 1.0ms (2 queries, 0 cached) | GC: 0.0ms)


Started PATCH "/users/1" for 127.0.0.1 at 2025-11-14 20:26:44 +0530
Processing by UsersController#update as HTML
  Parameters: {"authenticity_token" => "[FILTERED]", "user" => {"name" => "vn", "email" => "[FILTERED]", "password" => "[FILTERED]", "password_confirmation" => "[FILTERED]"}, "commit" => "Update Profile", "id" => "1"}
  [1m[36mUser Load (0.9ms)[0m  [1m[34mSELECT "users".* FROM "users" WHERE "users"."id" = 1 LIMIT 1 /*action='update',application='LoginForm',controller='users'*/[0m
  ↳ app/controllers/application_controller.rb:8:in 'ApplicationController#current_user'
  [1m[36mCACHE User Load (0.0ms)[0m  [1m[34mSELECT "users".* FROM "users" WHERE "users"."id" = 1 LIMIT 1[0m
  ↳ app/controllers/users_controller.rb:41:in 'UsersController#set_user'
  [1m[36mTRANSACTION (0.3ms)[0m  [1m[35mBEGIN /*action='update',application='LoginForm',controller='users'*/[0m
  ↳ app/controllers/users_controller.rb:31:in 'UsersController#update'
  [1m[36mUser Update (6.3ms)[0m  [1m[33mUPDATE "users" SET "name" = 'vn', "updated_at" = '2025-11-14 14:56:44.444377' WHERE "users"."id" = 1 /*action='update',application='LoginForm',controller='users'*/[0m
  ↳ app/controllers/users_controller.rb:31:in 'UsersController#update'
  [1m[36mTRANSACTION (2.2ms)[0m  [1m[35mCOMMIT /*action='update',application='LoginForm',controller='users'*/[0m
  ↳ app/controllers/users_controller.rb:31:in 'UsersController#update'
Redirected to http://127.0.0.1:3000/users/1
↳ app/controllers/users_controller.rb:32:in 'UsersController#update'
Completed 302 Found in 40ms (ActiveRecord: 9.5ms (3 queries, 0 cached) | GC: 0.0ms)


Started GET "/users/1" for 127.0.0.1 at 2025-11-14 20:26:44 +0530
Processing by UsersController#show as HTML
  Parameters: {"id" => "1"}
  [1m[36mUser Load (2.6ms)[0m  [1m[34mSELECT "users".* FROM "users" WHERE "users"."id" = 1 LIMIT 1 /*action='show',application='LoginForm',controller='users'*/[0m
  ↳ app/controllers/application_controller.rb:8:in 'ApplicationController#current_user'
  [1m[36mCACHE User Load (0.0ms)[0m  [1m[34mSELECT "users".* FROM "users" WHERE "users"."id" = 1 LIMIT 1[0m
  ↳ app/controllers/users_controller.rb:41:in 'UsersController#set_user'
  Rendering layout layouts/application.html.erb
  Rendering users/show.html.erb within layouts/application
  Rendered users/show.html.erb within layouts/application (Duration: 1.2ms | GC: 0.0ms)
  Rendered layout layouts/application.html.erb (Duration: 4.1ms | GC: 0.0ms)
Completed 200 OK in 29ms (Views: 6.0ms | ActiveRecord: 2.6ms (2 queries, 0 cached) | GC: 0.0ms)


Started GET "/users/1/edit" for 127.0.0.1 at 2025-11-14 20:26:47 +0530
Processing by UsersController#edit as HTML
  Parameters: {"id" => "1"}
  [1m[36mUser Load (1.0ms)[0m  [1m[34mSELECT "users".* FROM "users" WHERE "users"."id" = 1 LIMIT 1 /*action='edit',application='LoginForm',controller='users'*/[0m
  ↳ app/controllers/application_controller.rb:8:in 'ApplicationController#current_user'
  [1m[36mCACHE User Load (0.0ms)[0m  [1m[34mSELECT "users".* FROM "users" WHERE "users"."id" = 1 LIMIT 1[0m
  ↳ app/controllers/users_controller.rb:41:in 'UsersController#set_user'
  Rendering layout layouts/application.html.erb
  Rendering users/edit.html.erb within layouts/application
  Rendered users/edit.html.erb within layouts/application (Duration: 4.0ms | GC: 0.0ms)
  Rendered layout layouts/application.html.erb (Duration: 7.5ms | GC: 0.0ms)
Completed 200 OK in 29ms (Views: 9.4ms | ActiveRecord: 1.0ms (2 queries, 0 cached) | GC: 0.0ms)


Started PATCH "/users/1" for 127.0.0.1 at 2025-11-14 20:27:03 +0530
Processing by UsersController#update as HTML
  Parameters: {"authenticity_token" => "[FILTERED]", "user" => {"name" => "vn", "email" => "[FILTERED]", "password" => "[FILTERED]", "password_confirmation" => "[FILTERED]"}, "commit" => "Update Profile", "id" => "1"}
  [1m[36mUser Load (1.0ms)[0m  [1m[34mSELECT "users".* FROM "users" WHERE "users"."id" = 1 LIMIT 1 /*action='update',application='LoginForm',controller='users'*/[0m
  ↳ app/controllers/application_controller.rb:8:in 'ApplicationController#current_user'
  [1m[36mCACHE User Load (0.0ms)[0m  [1m[34mSELECT "users".* FROM "users" WHERE "users"."id" = 1 LIMIT 1[0m
  ↳ app/controllers/users_controller.rb:41:in 'UsersController#set_user'
  Rendering layout layouts/application.html.erb
  Rendering users/edit.html.erb within layouts/application
  Rendered users/edit.html.erb within layouts/application (Duration: 4.7ms | GC: 0.0ms)
  Rendered layout layouts/application.html.erb (Duration: 7.0ms | GC: 0.0ms)
Completed 422 Unprocessable Content in 557ms (Views: 8.8ms | ActiveRecord: 1.0ms (2 queries, 0 cached) | GC: 0.0ms)


Started GET "/" for 127.0.0.1 at 2025-11-14 20:28:02 +0530
Processing by UsersController#index as HTML
  Rendering layout layouts/application.html.erb
  Rendering users/index.html.erb within layouts/application
  [1m[36mUser Load (1.6ms)[0m  [1m[34mSELECT "users".* FROM "users" WHERE "users"."id" = 1 LIMIT 1 /*action='index',application='LoginForm',controller='users'*/[0m
  ↳ app/controllers/application_controller.rb:8:in 'ApplicationController#current_user'
  Rendered users/index.html.erb within layouts/application (Duration: 11.7ms | GC: 0.0ms)
  Rendered layout layouts/application.html.erb (Duration: 14.7ms | GC: 0.0ms)
Completed 200 OK in 33ms (Views: 15.4ms | ActiveRecord: 1.6ms (1 query, 0 cached) | GC: 0.0ms)


Started DELETE "/signout" for 127.0.0.1 at 2025-11-14 20:28:06 +0530
Processing by SessionsController#destroy as HTML
  Parameters: {"authenticity_token" => "[FILTERED]"}
Redirected to http://127.0.0.1:3000/
↳ app/controllers/sessions_controller.rb:19:in 'SessionsController#destroy'
Completed 302 Found in 21ms (ActiveRecord: 0.0ms (0 queries, 0 cached) | GC: 0.0ms)


Started GET "/" for 127.0.0.1 at 2025-11-14 20:28:06 +0530
Processing by UsersController#index as HTML
  Rendering layout layouts/application.html.erb
  Rendering users/index.html.erb within layouts/application
  Rendered users/index.html.erb within layouts/application (Duration: 1.8ms | GC: 0.0ms)
  Rendered layout layouts/application.html.erb (Duration: 3.8ms | GC: 0.0ms)
Completed 200 OK in 16ms (Views: 5.7ms | ActiveRecord: 0.0ms (0 queries, 0 cached) | GC: 0.0ms)


Started GET "/" for 127.0.0.1 at 2025-11-14 20:32:36 +0530
Processing by UsersController#index as HTML
  Rendering layout layouts/application.html.erb
  Rendering users/index.html.erb within layouts/application
  Rendered users/index.html.erb within layouts/application (Duration: 2.1ms | GC: 0.0ms)
  Rendered layout layouts/application.html.erb (Duration: 5.5ms | GC: 0.0ms)
Completed 200 OK in 80ms (Views: 18.0ms | ActiveRecord: 0.0ms (0 queries, 0 cached) | GC: 0.0ms)


Started GET "/" for 127.0.0.1 at 2025-11-14 20:34:12 +0530
Processing by UsersController#index as HTML
  Rendering layout layouts/application.html.erb
  Rendering users/index.html.erb within layouts/application
  Rendered users/index.html.erb within layouts/application (Duration: 2.0ms | GC: 0.0ms)
  Rendered layout layouts/application.html.erb (Duration: 40.6ms | GC: 0.0ms)
Completed 200 OK in 134ms (Views: 53.6ms | ActiveRecord: 0.0ms (0 queries, 0 cached) | GC: 0.0ms)


Started GET "/" for 127.0.0.1 at 2025-11-14 20:34:35 +0530
Processing by UsersController#index as HTML
  Rendering layout layouts/application.html.erb
  Rendering users/index.html.erb within layouts/application
  Rendered users/index.html.erb within layouts/application (Duration: 1.4ms | GC: 0.0ms)
  Rendered layout layouts/application.html.erb (Duration: 36.9ms | GC: 0.0ms)
Completed 200 OK in 51ms (Views: 39.3ms | ActiveRecord: 0.0ms (0 queries, 0 cached) | GC: 0.0ms)


Started GET "/" for 127.0.0.1 at 2025-11-14 20:34:44 +0530
Processing by UsersController#index as HTML
  Rendering layout layouts/application.html.erb
  Rendering users/index.html.erb within layouts/application
  Rendered users/index.html.erb within layouts/application (Duration: 0.9ms | GC: 0.0ms)
  Rendered layout layouts/application.html.erb (Duration: 39.2ms | GC: 0.0ms)
Completed 200 OK in 54ms (Views: 41.2ms | ActiveRecord: 0.0ms (0 queries, 0 cached) | GC: 0.0ms)


Started GET "/" for 127.0.0.1 at 2025-11-14 20:34:58 +0530
Processing by UsersController#index as HTML
  Rendering layout layouts/application.html.erb
  Rendering users/index.html.erb within layouts/application
  Rendered users/index.html.erb within layouts/application (Duration: 1.0ms | GC: 0.0ms)
  Rendered layout layouts/application.html.erb (Duration: 40.4ms | GC: 0.0ms)
Completed 200 OK in 56ms (Views: 42.4ms | ActiveRecord: 0.0ms (0 queries, 0 cached) | GC: 0.0ms)


Started GET "/" for 127.0.0.1 at 2025-11-14 20:35:29 +0530
Processing by UsersController#index as HTML
  Rendering layout layouts/application.html.erb
  Rendering users/index.html.erb within layouts/application
  Rendered users/index.html.erb within layouts/application (Duration: 1.0ms | GC: 0.0ms)
  Rendered layout layouts/application.html.erb (Duration: 48.6ms | GC: 0.0ms)
Completed 200 OK in 60ms (Views: 50.3ms | ActiveRecord: 0.0ms (0 queries, 0 cached) | GC: 0.0ms)


Started GET "/signup" for 127.0.0.1 at 2025-11-14 20:35:32 +0530
Processing by UsersController#new as HTML
  Rendering layout layouts/application.html.erb
  Rendering users/new.html.erb within layouts/application
  Rendered users/new.html.erb within layouts/application (Duration: 4.1ms | GC: 0.0ms)
  Rendered layout layouts/application.html.erb (Duration: 6.6ms | GC: 0.0ms)
Completed 200 OK in 179ms (Views: 8.4ms | ActiveRecord: 5.7ms (0 queries, 0 cached) | GC: 0.0ms)


Started GET "/" for 127.0.0.1 at 2025-11-14 20:35:54 +0530
Processing by UsersController#index as HTML
  Rendering layout layouts/application.html.erb
  Rendering users/index.html.erb within layouts/application
  Rendered users/index.html.erb within layouts/application (Duration: 1.0ms | GC: 0.0ms)
  Rendered layout layouts/application.html.erb (Duration: 43.3ms | GC: 0.0ms)
Completed 200 OK in 55ms (Views: 45.2ms | ActiveRecord: 0.0ms (0 queries, 0 cached) | GC: 0.0ms)


Started GET "/" for 127.0.0.1 at 2025-11-14 20:36:04 +0530
Processing by UsersController#index as HTML
  Rendering layout layouts/application.html.erb
  Rendering users/index.html.erb within layouts/application
  Rendered users/index.html.erb within layouts/application (Duration: 1.0ms | GC: 0.0ms)
  Rendered layout layouts/application.html.erb (Duration: 45.8ms | GC: 0.0ms)
Completed 200 OK in 61ms (Views: 47.9ms | ActiveRecord: 0.0ms (0 queries, 0 cached) | GC: 0.0ms)


Started GET "/" for 127.0.0.1 at 2025-11-14 20:37:17 +0530
Processing by UsersController#index as HTML
  Rendering layout layouts/application.html.erb
  Rendering users/index.html.erb within layouts/application
  Rendered users/index.html.erb within layouts/application (Duration: 0.9ms | GC: 0.0ms)
  Rendered layout layouts/application.html.erb (Duration: 36.1ms | GC: 0.0ms)
Completed 200 OK in 49ms (Views: 37.9ms | ActiveRecord: 0.0ms (0 queries, 0 cached) | GC: 0.0ms)


Started GET "/signup" for 127.0.0.1 at 2025-11-14 20:37:47 +0530
Processing by UsersController#new as HTML
  Rendering layout layouts/application.html.erb
  Rendering users/new.html.erb within layouts/application
  Rendered users/new.html.erb within layouts/application (Duration: 4.2ms | GC: 0.0ms)
  Rendered layout layouts/application.html.erb (Duration: 7.6ms | GC: 0.0ms)
Completed 200 OK in 20ms (Views: 9.9ms | ActiveRecord: 0.0ms (0 queries, 0 cached) | GC: 0.0ms)


Started POST "/signup" for 127.0.0.1 at 2025-11-14 20:38:53 +0530
Processing by UsersController#create as HTML
  Parameters: {"authenticity_token" => "[FILTERED]", "user" => {"name" => "", "email" => "[FILTERED]", "password" => "[FILTERED]", "password_confirmation" => "[FILTERED]"}, "commit" => "Sign up"}
  [1m[36mTRANSACTION (0.6ms)[0m  [1m[35mBEGIN /*action='create',application='LoginForm',controller='users'*/[0m
  ↳ app/controllers/users_controller.rb:16:in 'UsersController#create'
  [1m[36mUser Exists? (5.5ms)[0m  [1m[34mSELECT 1 AS one FROM "users" WHERE "users"."email" = '' LIMIT 1 /*action='create',application='LoginForm',controller='users'*/[0m
  ↳ app/controllers/users_controller.rb:16:in 'UsersController#create'
  [1m[36mTRANSACTION (0.3ms)[0m  [1m[31mROLLBACK /*action='create',application='LoginForm',controller='users'*/[0m
  ↳ app/controllers/users_controller.rb:16:in 'UsersController#create'
  Rendering layout layouts/application.html.erb
  Rendering users/new.html.erb within layouts/application
  Rendered users/new.html.erb within layouts/application (Duration: 6.1ms | GC: 0.0ms)
  Rendered layout layouts/application.html.erb (Duration: 10.6ms | GC: 0.0ms)
Completed 422 Unprocessable Content in 556ms (Views: 12.7ms | ActiveRecord: 6.3ms (1 query, 0 cached) | GC: 0.0ms)


Started POST "/signup" for 127.0.0.1 at 2025-11-14 20:39:45 +0530
Processing by UsersController#create as HTML
  Parameters: {"authenticity_token" => "[FILTERED]", "user" => {"name" => "", "email" => "[FILTERED]", "password" => "[FILTERED]", "password_confirmation" => "[FILTERED]"}, "commit" => "Sign up"}
  [1m[36mTRANSACTION (0.5ms)[0m  [1m[35mBEGIN /*action='create',application='LoginForm',controller='users'*/[0m
  ↳ app/controllers/users_controller.rb:16:in 'UsersController#create'
  [1m[36mUser Exists? (5.1ms)[0m  [1m[34mSELECT 1 AS one FROM "users" WHERE "users"."email" = '' LIMIT 1 /*action='create',application='LoginForm',controller='users'*/[0m
  ↳ app/controllers/users_controller.rb:16:in 'UsersController#create'
  [1m[36mTRANSACTION (0.3ms)[0m  [1m[31mROLLBACK /*action='create',application='LoginForm',controller='users'*/[0m
  ↳ app/controllers/users_controller.rb:16:in 'UsersController#create'
  Rendering layout layouts/application.html.erb
  Rendering users/new.html.erb within layouts/application
  Rendered users/new.html.erb within layouts/application (Duration: 6.0ms | GC: 0.0ms)
  Rendered layout layouts/application.html.erb (Duration: 13.0ms | GC: 0.0ms)
Completed 422 Unprocessable Content in 668ms (Views: 103.1ms | ActiveRecord: 10.7ms (1 query, 0 cached) | GC: 0.0ms)


Started POST "/signup" for 127.0.0.1 at 2025-11-14 20:39:50 +0530
Processing by UsersController#create as HTML
  Parameters: {"authenticity_token" => "[FILTERED]", "user" => {"name" => "", "email" => "[FILTERED]", "password" => "[FILTERED]", "password_confirmation" => "[FILTERED]"}, "commit" => "Sign up"}
  [1m[36mTRANSACTION (0.4ms)[0m  [1m[35mBEGIN /*action='create',application='LoginForm',controller='users'*/[0m
  ↳ app/controllers/users_controller.rb:16:in 'UsersController#create'
  [1m[36mUser Exists? (5.7ms)[0m  [1m[34mSELECT 1 AS one FROM "users" WHERE "users"."email" = '' LIMIT 1 /*action='create',application='LoginForm',controller='users'*/[0m
  ↳ app/controllers/users_controller.rb:16:in 'UsersController#create'
  [1m[36mTRANSACTION (0.4ms)[0m  [1m[31mROLLBACK /*action='create',application='LoginForm',controller='users'*/[0m
  ↳ app/controllers/users_controller.rb:16:in 'UsersController#create'
  Rendering layout layouts/application.html.erb
  Rendering users/new.html.erb within layouts/application
  Rendered users/new.html.erb within layouts/application (Duration: 4.4ms | GC: 0.0ms)
  Rendered layout layouts/application.html.erb (Duration: 7.7ms | GC: 0.0ms)
Completed 422 Unprocessable Content in 579ms (Views: 11.9ms | ActiveRecord: 6.5ms (1 query, 0 cached) | GC: 0.0ms)


Started POST "/signup" for 127.0.0.1 at 2025-11-14 20:39:58 +0530
Processing by UsersController#create as HTML
  Parameters: {"authenticity_token" => "[FILTERED]", "user" => {"name" => "", "email" => "[FILTERED]", "password" => "[FILTERED]", "password_confirmation" => "[FILTERED]"}, "commit" => "Sign up"}
  [1m[36mTRANSACTION (0.5ms)[0m  [1m[35mBEGIN /*action='create',application='LoginForm',controller='users'*/[0m
  ↳ app/controllers/users_controller.rb:16:in 'UsersController#create'
  [1m[36mUser Exists? (6.8ms)[0m  [1m[34mSELECT 1 AS one FROM "users" WHERE "users"."email" = '' LIMIT 1 /*action='create',application='LoginForm',controller='users'*/[0m
  ↳ app/controllers/users_controller.rb:16:in 'UsersController#create'
  [1m[36mTRANSACTION (0.3ms)[0m  [1m[31mROLLBACK /*action='create',application='LoginForm',controller='users'*/[0m
  ↳ app/controllers/users_controller.rb:16:in 'UsersController#create'
  Rendering layout layouts/application.html.erb
  Rendering users/new.html.erb within layouts/application
  Rendered users/new.html.erb within layouts/application (Duration: 4.6ms | GC: 0.0ms)
  Rendered layout layouts/application.html.erb (Duration: 9.7ms | GC: 0.0ms)
Completed 422 Unprocessable Content in 567ms (Views: 11.2ms | ActiveRecord: 7.6ms (1 query, 0 cached) | GC: 0.0ms)


Started POST "/signup" for 127.0.0.1 at 2025-11-14 20:40:11 +0530
Processing by UsersController#create as HTML
  Parameters: {"authenticity_token" => "[FILTERED]", "user" => {"name" => "", "email" => "[FILTERED]", "password" => "[FILTERED]", "password_confirmation" => "[FILTERED]"}, "commit" => "Sign up"}
  [1m[36mTRANSACTION (0.4ms)[0m  [1m[35mBEGIN /*action='create',application='LoginForm',controller='users'*/[0m
  ↳ app/controllers/users_controller.rb:16:in 'UsersController#create'
  [1m[36mUser Exists? (5.1ms)[0m  [1m[34mSELECT 1 AS one FROM "users" WHERE "users"."email" = '' LIMIT 1 /*action='create',application='LoginForm',controller='users'*/[0m
  ↳ app/controllers/users_controller.rb:16:in 'UsersController#create'
  [1m[36mTRANSACTION (0.3ms)[0m  [1m[31mROLLBACK /*action='create',application='LoginForm',controller='users'*/[0m
  ↳ app/controllers/users_controller.rb:16:in 'UsersController#create'
  Rendering layout layouts/application.html.erb
  Rendering users/new.html.erb within layouts/application
  Rendered users/new.html.erb within layouts/application (Duration: 19.7ms | GC: 0.2ms)
  Rendered layout layouts/application.html.erb (Duration: 21.7ms | GC: 0.2ms)
Completed 422 Unprocessable Content in 586ms (Views: 23.3ms | ActiveRecord: 5.8ms (1 query, 0 cached) | GC: 0.2ms)


Started POST "/signup" for 127.0.0.1 at 2025-11-14 20:48:17 +0530
Processing by UsersController#create as HTML
  Parameters: {"authenticity_token" => "[FILTERED]", "user" => {"name" => "", "email" => "[FILTERED]", "password" => "[FILTERED]", "password_confirmation" => "[FILTERED]"}, "commit" => "Sign up"}
  [1m[36mTRANSACTION (0.2ms)[0m  [1m[35mBEGIN /*action='create',application='LoginForm',controller='users'*/[0m
  ↳ app/controllers/users_controller.rb:16:in 'UsersController#create'
  [1m[36mUser Exists? (7.6ms)[0m  [1m[34mSELECT 1 AS one FROM "users" WHERE "users"."email" = '' LIMIT 1 /*action='create',application='LoginForm',controller='users'*/[0m
  ↳ app/controllers/users_controller.rb:16:in 'UsersController#create'
  [1m[36mTRANSACTION (0.4ms)[0m  [1m[31mROLLBACK /*action='create',application='LoginForm',controller='users'*/[0m
  ↳ app/controllers/users_controller.rb:16:in 'UsersController#create'
  Rendering layout layouts/application.html.erb
  Rendering users/new.html.erb within layouts/application
  Rendered users/new.html.erb within layouts/application (Duration: 11.2ms | GC: 0.0ms)
  Rendered layout layouts/application.html.erb (Duration: 15.0ms | GC: 0.0ms)
Completed 422 Unprocessable Content in 988ms (Views: 189.8ms | ActiveRecord: 23.4ms (1 query, 0 cached) | GC: 0.0ms)


Started POST "/signup" for 127.0.0.1 at 2025-11-14 20:48:53 +0530
Processing by UsersController#create as HTML
  Parameters: {"authenticity_token" => "[FILTERED]", "user" => {"name" => "car", "email" => "[FILTERED]", "password" => "[FILTERED]", "password_confirmation" => "[FILTERED]"}, "commit" => "Sign up"}
  [1m[36mTRANSACTION (0.5ms)[0m  [1m[35mBEGIN /*action='create',application='LoginForm',controller='users'*/[0m
  ↳ app/controllers/users_controller.rb:16:in 'UsersController#create'
  [1m[36mUser Exists? (7.1ms)[0m  [1m[34mSELECT 1 AS one FROM "users" WHERE "users"."email" = 'gooddharaneesh@gmail.com' LIMIT 1 /*action='create',application='LoginForm',controller='users'*/[0m
  ↳ app/controllers/users_controller.rb:16:in 'UsersController#create'
  [1m[36mTRANSACTION (0.5ms)[0m  [1m[31mROLLBACK /*action='create',application='LoginForm',controller='users'*/[0m
  ↳ app/controllers/users_controller.rb:16:in 'UsersController#create'
  Rendering layout layouts/application.html.erb
  Rendering users/new.html.erb within layouts/application
  Rendered users/new.html.erb within layouts/application (Duration: 5.5ms | GC: 0.0ms)
  Rendered layout layouts/application.html.erb (Duration: 8.8ms | GC: 0.0ms)
Completed 422 Unprocessable Content in 42ms (Views: 11.0ms | ActiveRecord: 8.1ms (1 query, 0 cached) | GC: 0.0ms)


Started POST "/signup" for 127.0.0.1 at 2025-11-14 20:49:43 +0530
Processing by UsersController#create as HTML
  Parameters: {"authenticity_token" => "[FILTERED]", "user" => {"name" => "car", "email" => "[FILTERED]", "password" => "[FILTERED]", "password_confirmation" => "[FILTERED]"}, "commit" => "Sign up"}
  [1m[36mTRANSACTION (1.3ms)[0m  [1m[35mBEGIN /*action='create',application='LoginForm',controller='users'*/[0m
  ↳ app/controllers/users_controller.rb:16:in 'UsersController#create'
  [1m[36mUser Exists? (6.8ms)[0m  [1m[34mSELECT 1 AS one FROM "users" WHERE "users"."email" = 'gooddharaneesh@gmail.com' LIMIT 1 /*action='create',application='LoginForm',controller='users'*/[0m
  ↳ app/controllers/users_controller.rb:16:in 'UsersController#create'
  [1m[36mTRANSACTION (0.3ms)[0m  [1m[31mROLLBACK /*action='create',application='LoginForm',controller='users'*/[0m
  ↳ app/controllers/users_controller.rb:16:in 'UsersController#create'
  Rendering layout layouts/application.html.erb
  Rendering users/new.html.erb within layouts/application
  Rendered users/new.html.erb within layouts/application (Duration: 5.4ms | GC: 0.0ms)
  Rendered layout layouts/application.html.erb (Duration: 7.4ms | GC: 0.0ms)
Completed 422 Unprocessable Content in 568ms (Views: 9.5ms | ActiveRecord: 8.4ms (1 query, 0 cached) | GC: 0.0ms)


Started POST "/signup" for 127.0.0.1 at 2025-11-14 20:49:53 +0530
Processing by UsersController#create as HTML
  Parameters: {"authenticity_token" => "[FILTERED]", "user" => {"name" => "car", "email" => "[FILTERED]", "password" => "[FILTERED]", "password_confirmation" => "[FILTERED]"}, "commit" => "Sign up"}
  [1m[36mTRANSACTION (0.4ms)[0m  [1m[35mBEGIN /*action='create',application='LoginForm',controller='users'*/[0m
  ↳ app/controllers/users_controller.rb:16:in 'UsersController#create'
  [1m[36mUser Exists? (5.4ms)[0m  [1m[34mSELECT 1 AS one FROM "users" WHERE "users"."email" = 'gooddharaneesh@gmail.com' LIMIT 1 /*action='create',application='LoginForm',controller='users'*/[0m
  ↳ app/controllers/users_controller.rb:16:in 'UsersController#create'
  [1m[36mTRANSACTION (0.3ms)[0m  [1m[31mROLLBACK /*action='create',application='LoginForm',controller='users'*/[0m
  ↳ app/controllers/users_controller.rb:16:in 'UsersController#create'
  Rendering layout layouts/application.html.erb
  Rendering users/new.html.erb within layouts/application
  Rendered users/new.html.erb within layouts/application (Duration: 3.1ms | GC: 0.0ms)
  Rendered layout layouts/application.html.erb (Duration: 7.3ms | GC: 0.0ms)
Completed 422 Unprocessable Content in 572ms (Views: 8.6ms | ActiveRecord: 6.1ms (1 query, 0 cached) | GC: 0.0ms)


Started POST "/signup" for 127.0.0.1 at 2025-11-14 20:50:11 +0530
Processing by UsersController#create as HTML
  Parameters: {"authenticity_token" => "[FILTERED]", "user" => {"name" => "car", "email" => "[FILTERED]", "password" => "[FILTERED]", "password_confirmation" => "[FILTERED]"}, "commit" => "Sign up"}
  [1m[36mTRANSACTION (0.5ms)[0m  [1m[35mBEGIN /*action='create',application='LoginForm',controller='users'*/[0m
  ↳ app/controllers/users_controller.rb:16:in 'UsersController#create'
  [1m[36mUser Exists? (6.7ms)[0m  [1m[34mSELECT 1 AS one FROM "users" WHERE "users"."email" = 'gooddharaneesh@gmail.com' LIMIT 1 /*action='create',application='LoginForm',controller='users'*/[0m
  ↳ app/controllers/users_controller.rb:16:in 'UsersController#create'
  [1m[36mUser Create (1.4ms)[0m  [1m[32mINSERT INTO "users" ("name", "email", "password_digest", "created_at", "updated_at") VALUES ('car', 'gooddharaneesh@gmail.com', '$2a$12$zan.xUoLuPst//HWtPNJvuQw1lLY.fpWalZ9PNpdbhaI8EQluVAbm', '2025-11-14 15:20:12.552022', '2025-11-14 15:20:12.552022') RETURNING "id" /*action='create',application='LoginForm',controller='users'*/[0m
  ↳ app/controllers/users_controller.rb:16:in 'UsersController#create'
  [1m[36mTRANSACTION (8.3ms)[0m  [1m[35mCOMMIT /*action='create',application='LoginForm',controller='users'*/[0m
  ↳ app/controllers/users_controller.rb:16:in 'UsersController#create'
Redirected to http://127.0.0.1:3000/users/2
↳ app/controllers/users_controller.rb:18:in 'UsersController#create'
Completed 302 Found in 580ms (ActiveRecord: 16.8ms (2 queries, 0 cached) | GC: 0.0ms)


Started GET "/users/2" for 127.0.0.1 at 2025-11-14 20:50:12 +0530
Processing by UsersController#show as HTML
  Parameters: {"id" => "2"}
  [1m[36mUser Load (1.2ms)[0m  [1m[34mSELECT "users".* FROM "users" WHERE "users"."id" = 2 LIMIT 1 /*action='show',application='LoginForm',controller='users'*/[0m
  ↳ app/controllers/application_controller.rb:8:in 'ApplicationController#current_user'
  [1m[36mCACHE User Load (0.0ms)[0m  [1m[34mSELECT "users".* FROM "users" WHERE "users"."id" = 2 LIMIT 1[0m
  ↳ app/controllers/users_controller.rb:41:in 'UsersController#set_user'
  Rendering layout layouts/application.html.erb
  Rendering users/show.html.erb within layouts/application
  Rendered users/show.html.erb within layouts/application (Duration: 2.4ms | GC: 0.0ms)
  Rendered layout layouts/application.html.erb (Duration: 4.8ms | GC: 0.0ms)
Completed 200 OK in 29ms (Views: 6.4ms | ActiveRecord: 1.2ms (2 queries, 0 cached) | GC: 0.0ms)


Started GET "/users/2" for 127.0.0.1 at 2025-11-14 21:29:23 +0530
Processing by UsersController#show as HTML
  Parameters: {"id" => "2"}
  [1m[36mUser Load (172.0ms)[0m  [1m[34mSELECT "users".* FROM "users" WHERE "users"."id" = 2 LIMIT 1 /*action='show',application='LoginForm',controller='users'*/[0m
  ↳ app/controllers/application_controller.rb:8:in 'ApplicationController#current_user'
  [1m[36mCACHE User Load (0.0ms)[0m  [1m[34mSELECT "users".* FROM "users" WHERE "users"."id" = 2 LIMIT 1[0m
  ↳ app/controllers/users_controller.rb:41:in 'UsersController#set_user'
  Rendering layout layouts/application.html.erb
  Rendering users/show.html.erb within layouts/application
  Rendered users/show.html.erb within layouts/application (Duration: 2.7ms | GC: 0.0ms)
  Rendered layout layouts/application.html.erb (Duration: 7.6ms | GC: 0.0ms)
Completed 200 OK in 231ms (Views: 21.5ms | ActiveRecord: 188.6ms (2 queries, 0 cached) | GC: 0.0ms)


Started GET "/users/2" for 127.0.0.1 at 2025-11-14 21:30:29 +0530
Processing by UsersController#show as HTML
  Parameters: {"id" => "2"}
  [1m[36mUser Load (0.6ms)[0m  [1m[34mSELECT "users".* FROM "users" WHERE "users"."id" = 2 LIMIT 1 /*action='show',application='LoginForm',controller='users'*/[0m
  ↳ app/controllers/application_controller.rb:8:in 'ApplicationController#current_user'
  [1m[36mCACHE User Load (0.0ms)[0m  [1m[34mSELECT "users".* FROM "users" WHERE "users"."id" = 2 LIMIT 1[0m
  ↳ app/controllers/users_controller.rb:41:in 'UsersController#set_user'
  Rendering layout layouts/application.html.erb
  Rendering users/show.html.erb within layouts/application
  Rendered users/show.html.erb within layouts/application (Duration: 2.9ms | GC: 0.0ms)
  Rendered layout layouts/application.html.erb (Duration: 7.2ms | GC: 0.0ms)
Completed 200 OK in 196ms (Views: 138.1ms | ActiveRecord: 22.5ms (2 queries, 0 cached) | GC: 0.0ms)


Started GET "/users/2" for 127.0.0.1 at 2025-11-14 21:32:48 +0530
Processing by UsersController#show as HTML
  Parameters: {"id" => "2"}
  [1m[36mUser Load (0.7ms)[0m  [1m[34mSELECT "users".* FROM "users" WHERE "users"."id" = 2 LIMIT 1 /*action='show',application='LoginForm',controller='users'*/[0m
  ↳ app/controllers/application_controller.rb:8:in 'ApplicationController#current_user'
  [1m[36mCACHE User Load (0.0ms)[0m  [1m[34mSELECT "users".* FROM "users" WHERE "users"."id" = 2 LIMIT 1[0m
  ↳ app/controllers/users_controller.rb:41:in 'UsersController#set_user'
  Rendering layout layouts/application.html.erb
  Rendering users/show.html.erb within layouts/application
  Rendered users/show.html.erb within layouts/application (Duration: 2.6ms | GC: 0.0ms)
  Rendered layout layouts/application.html.erb (Duration: 37.4ms | GC: 0.0ms)
Completed 200 OK in 195ms (Views: 155.7ms | ActiveRecord: 5.7ms (2 queries, 0 cached) | GC: 0.0ms)


Started GET "/users/2" for 127.0.0.1 at 2025-11-14 21:32:59 +0530
Processing by UsersController#show as HTML
  Parameters: {"id" => "2"}
  [1m[36mUser Load (1.0ms)[0m  [1m[34mSELECT "users".* FROM "users" WHERE "users"."id" = 2 LIMIT 1 /*action='show',application='LoginForm',controller='users'*/[0m
  ↳ app/controllers/application_controller.rb:8:in 'ApplicationController#current_user'
  [1m[36mCACHE User Load (0.0ms)[0m  [1m[34mSELECT "users".* FROM "users" WHERE "users"."id" = 2 LIMIT 1[0m
  ↳ app/controllers/users_controller.rb:41:in 'UsersController#set_user'
  Rendering layout layouts/application.html.erb
  Rendering users/show.html.erb within layouts/application
  Rendered users/show.html.erb within layouts/application (Duration: 1.2ms | GC: 0.0ms)
  Rendered layout layouts/application.html.erb (Duration: 30.5ms | GC: 0.0ms)
Completed 200 OK in 58ms (Views: 32.4ms | ActiveRecord: 0.9ms (2 queries, 0 cached) | GC: 0.0ms)


Started GET "/users/2" for 127.0.0.1 at 2025-11-14 21:33:01 +0530
Processing by UsersController#show as HTML
  Parameters: {"id" => "2"}
  [1m[36mUser Load (0.9ms)[0m  [1m[34mSELECT "users".* FROM "users" WHERE "users"."id" = 2 LIMIT 1 /*action='show',application='LoginForm',controller='users'*/[0m
  ↳ app/controllers/application_controller.rb:8:in 'ApplicationController#current_user'
  [1m[36mCACHE User Load (0.0ms)[0m  [1m[34mSELECT "users".* FROM "users" WHERE "users"."id" = 2 LIMIT 1[0m
  ↳ app/controllers/users_controller.rb:41:in 'UsersController#set_user'
  Rendering layout layouts/application.html.erb
  Rendering users/show.html.erb within layouts/application
  Rendered users/show.html.erb within layouts/application (Duration: 1.1ms | GC: 0.0ms)
  Rendered layout layouts/application.html.erb (Duration: 3.1ms | GC: 0.0ms)
Completed 200 OK in 28ms (Views: 4.3ms | ActiveRecord: 0.9ms (2 queries, 0 cached) | GC: 0.0ms)


Started GET "/users/2" for 127.0.0.1 at 2025-11-14 21:33:09 +0530
Processing by UsersController#show as HTML
  Parameters: {"id" => "2"}
  [1m[36mUser Load (1.1ms)[0m  [1m[34mSELECT "users".* FROM "users" WHERE "users"."id" = 2 LIMIT 1 /*action='show',application='LoginForm',controller='users'*/[0m
  ↳ app/controllers/application_controller.rb:8:in 'ApplicationController#current_user'
  [1m[36mCACHE User Load (0.0ms)[0m  [1m[34mSELECT "users".* FROM "users" WHERE "users"."id" = 2 LIMIT 1[0m
  ↳ app/controllers/users_controller.rb:41:in 'UsersController#set_user'
  Rendering layout layouts/application.html.erb
  Rendering users/show.html.erb within layouts/application
  Rendered users/show.html.erb within layouts/application (Duration: 1.1ms | GC: 0.0ms)
  Rendered layout layouts/application.html.erb (Duration: 50.0ms | GC: 0.0ms)
Completed 200 OK in 90ms (Views: 65.7ms | ActiveRecord: 1.1ms (2 queries, 0 cached) | GC: 0.0ms)


Started GET "/users/2" for 127.0.0.1 at 2025-11-14 21:34:03 +0530
Processing by UsersController#show as HTML
  Parameters: {"id" => "2"}
  [1m[36mUser Load (0.8ms)[0m  [1m[34mSELECT "users".* FROM "users" WHERE "users"."id" = 2 LIMIT 1 /*action='show',application='LoginForm',controller='users'*/[0m
  ↳ app/controllers/application_controller.rb:8:in 'ApplicationController#current_user'
  [1m[36mCACHE User Load (0.0ms)[0m  [1m[34mSELECT "users".* FROM "users" WHERE "users"."id" = 2 LIMIT 1[0m
  ↳ app/controllers/users_controller.rb:41:in 'UsersController#set_user'
  Rendering layout layouts/application.html.erb
  Rendering users/show.html.erb within layouts/application
  Rendered users/show.html.erb within layouts/application (Duration: 3.6ms | GC: 0.0ms)
  Rendered layout layouts/application.html.erb (Duration: 16.5ms | GC: 0.0ms)
Completed 200 OK in 195ms (Views: 152.9ms | ActiveRecord: 5.0ms (2 queries, 0 cached) | GC: 0.0ms)


Started GET "/users/2" for 127.0.0.1 at 2025-11-14 21:34:12 +0530
Processing by UsersController#show as HTML
  Parameters: {"id" => "2"}
  [1m[36mUser Load (0.6ms)[0m  [1m[34mSELECT "users".* FROM "users" WHERE "users"."id" = 2 LIMIT 1 /*action='show',application='LoginForm',controller='users'*/[0m
  ↳ app/controllers/application_controller.rb:8:in 'ApplicationController#current_user'
  [1m[36mCACHE User Load (0.0ms)[0m  [1m[34mSELECT "users".* FROM "users" WHERE "users"."id" = 2 LIMIT 1[0m
  ↳ app/controllers/users_controller.rb:41:in 'UsersController#set_user'
  Rendering layout layouts/application.html.erb
  Rendering users/show.html.erb within layouts/application
  Rendered users/show.html.erb within layouts/application (Duration: 3.3ms | GC: 0.0ms)
  Rendered layout layouts/application.html.erb (Duration: 7.5ms | GC: 0.0ms)
Completed 200 OK in 156ms (Views: 118.4ms | ActiveRecord: 5.3ms (2 queries, 0 cached) | GC: 0.0ms)


Started GET "/users/2" for 127.0.0.1 at 2025-11-14 21:34:27 +0530
Processing by UsersController#show as HTML
  Parameters: {"id" => "2"}
  [1m[36mUser Load (0.9ms)[0m  [1m[34mSELECT "users".* FROM "users" WHERE "users"."id" = 2 LIMIT 1 /*action='show',application='LoginForm',controller='users'*/[0m
  ↳ app/controllers/application_controller.rb:8:in 'ApplicationController#current_user'
  [1m[36mCACHE User Load (0.0ms)[0m  [1m[34mSELECT "users".* FROM "users" WHERE "users"."id" = 2 LIMIT 1[0m
  ↳ app/controllers/users_controller.rb:41:in 'UsersController#set_user'
  Rendering layout layouts/application.html.erb
  Rendering users/show.html.erb within layouts/application
  Rendered users/show.html.erb within layouts/application (Duration: 2.8ms | GC: 0.0ms)
  Rendered layout layouts/application.html.erb (Duration: 7.7ms | GC: 0.0ms)
Completed 200 OK in 170ms (Views: 120.9ms | ActiveRecord: 5.4ms (2 queries, 0 cached) | GC: 0.0ms)


Started GET "/users/2" for 127.0.0.1 at 2025-11-14 21:35:50 +0530
Processing by UsersController#show as HTML
  Parameters: {"id" => "2"}
  [1m[36mUser Load (0.8ms)[0m  [1m[34mSELECT "users".* FROM "users" WHERE "users"."id" = 2 LIMIT 1 /*action='show',application='LoginForm',controller='users'*/[0m
  ↳ app/controllers/application_controller.rb:8:in 'ApplicationController#current_user'
  [1m[36mCACHE User Load (0.0ms)[0m  [1m[34mSELECT "users".* FROM "users" WHERE "users"."id" = 2 LIMIT 1[0m
  ↳ app/controllers/users_controller.rb:41:in 'UsersController#set_user'
  Rendering layout layouts/application.html.erb
  Rendering users/show.html.erb within layouts/application
  Rendered users/show.html.erb within layouts/application (Duration: 2.8ms | GC: 0.0ms)
  Rendered layout layouts/application.html.erb (Duration: 37.3ms | GC: 0.0ms)
Completed 200 OK in 214ms (Views: 167.7ms | ActiveRecord: 6.7ms (2 queries, 0 cached) | GC: 0.0ms)


Started GET "/users/2" for 127.0.0.1 at 2025-11-14 21:36:35 +0530
Processing by UsersController#show as HTML
  Parameters: {"id" => "2"}
  [1m[36mUser Load (0.7ms)[0m  [1m[34mSELECT "users".* FROM "users" WHERE "users"."id" = 2 LIMIT 1 /*action='show',application='LoginForm',controller='users'*/[0m
  ↳ app/controllers/application_controller.rb:8:in 'ApplicationController#current_user'
  [1m[36mCACHE User Load (0.0ms)[0m  [1m[34mSELECT "users".* FROM "users" WHERE "users"."id" = 2 LIMIT 1[0m
  ↳ app/controllers/users_controller.rb:41:in 'UsersController#set_user'
  Rendering layout layouts/application.html.erb
  Rendering users/show.html.erb within layouts/application
  Rendered users/show.html.erb within layouts/application (Duration: 2.8ms | GC: 0.0ms)
  Rendered layout layouts/application.html.erb (Duration: 6.6ms | GC: 0.0ms)
Completed 200 OK in 188ms (Views: 138.9ms | ActiveRecord: 5.6ms (2 queries, 0 cached) | GC: 0.0ms)


Started GET "/" for 127.0.0.1 at 2025-11-15 06:27:15 +0530
  [1m[36mActiveRecord::SchemaMigration Load (5.7ms)[0m  [1m[34mSELECT "schema_migrations"."version" FROM "schema_migrations" ORDER BY "schema_migrations"."version" ASC /*application='LoginForm'*/[0m
Processing by UsersController#index as HTML
  Rendering layout layouts/application.html.erb
  Rendering users/index.html.erb within layouts/application
  Rendered users/index.html.erb within layouts/application (Duration: 8.7ms | GC: 0.2ms)
  Rendered layout layouts/application.html.erb (Duration: 79.8ms | GC: 0.2ms)
Completed 200 OK in 505ms (Views: 236.4ms | ActiveRecord: 0.0ms (0 queries, 0 cached) | GC: 0.2ms)


Started GET "/favicon.ico" for 127.0.0.1 at 2025-11-15 06:27:17 +0530
  
ActionController::RoutingError (No route matches [GET] "/favicon.ico"):
  
